app/build/outputs/logs/manifest-merger-debug-report.txt
-- Merging decision tree log ---
manifest
ADDED from src/main/AndroidManifest.xml:2:1-167:12
	package
		ADDED from src/main/AndroidManifest.xml:3:5-49
		INJECTED from src/main/AndroidManifest.xml
		INJECTED from src/main/AndroidManifest.xml
	android:versionName
		ADDED from src/main/AndroidManifest.xml:5:5-30
		INJECTED from src/main/AndroidManifest.xml
		INJECTED from src/main/AndroidManifest.xml
	android:versionCode
		ADDED from src/main/AndroidManifest.xml:4:5-30
		INJECTED from src/main/AndroidManifest.xml
		INJECTED from src/main/AndroidManifest.xml
	xmlns:android
		ADDED from src/main/AndroidManifest.xml:2:11-69
uses-sdk
ADDED from src/main/AndroidManifest.xml:14:5-16:41
	android:targetSdkVersion
		ADDED from src/main/AndroidManifest.xml:16:9-38
		INJECTED from src/main/AndroidManifest.xml
		INJECTED from src/main/AndroidManifest.xml
	android:minSdkVersion
		ADDED from src/main/AndroidManifest.xml:15:9-35
		INJECTED from src/main/AndroidManifest.xml
		INJECTED from src/main/AndroidManifest.xml
uses-feature#0x00020000
ADDED from src/main/AndroidManifest.xml:18:5-54
	android:glEsVersion
		ADDED from src/main/AndroidManifest.xml:18:19-51
uses-feature#android.hardware.camera
ADDED from src/main/AndroidManifest.xml:34:5-60
	android:name
		ADDED from src/main/AndroidManifest.xml:34:19-57
uses-permission#android.permission.CAMERA
ADDED from src/main/AndroidManifest.xml:39:5-65
	android:name
		ADDED from src/main/AndroidManifest.xml:39:22-62
uses-permission#android.permission.INTERNET
ADDED from src/main/AndroidManifest.xml:44:5-67
	android:name
		ADDED from src/main/AndroidManifest.xml:44:22-64
uses-permission#android.permission.ACCESS_NETWORK_STATE
ADDED from src/main/AndroidManifest.xml:50:5-79
	android:name
		ADDED from src/main/AndroidManifest.xml:50:22-76
uses-permission#android.permission.READ_EXTERNAL_STORAGE
ADDED from src/main/AndroidManifest.xml:52:5-80
	android:name
		ADDED from src/main/AndroidManifest.xml:52:22-77
application
ADDED from src/main/AndroidManifest.xml:64:5-165:19
	android:label
		ADDED from src/main/AndroidManifest.xml:66:9-41
	android:launchMode
		ADDED from src/main/AndroidManifest.xml:68:9-40
	android:allowBackup
		ADDED from src/main/AndroidManifest.xml:69:9-35
	android:icon
		ADDED from src/main/AndroidManifest.xml:65:9-38
	android:description
		ADDED from src/main/AndroidManifest.xml:67:9-54
	android:theme
		ADDED from src/main/AndroidManifest.xml:70:9-47
activity#com.vuforia.samples.VuforiaSamples.ui.ActivityList.ActivitySplashScreen
ADDED from src/main/AndroidManifest.xml:88:9-98:20
	android:screenOrientation
		ADDED from src/main/AndroidManifest.xml:91:13-49
	android:noHistory
		ADDED from src/main/AndroidManifest.xml:92:13-37
	android:configChanges
		ADDED from src/main/AndroidManifest.xml:90:13-93
	android:name
		ADDED from src/main/AndroidManifest.xml:89:13-65
intent-filter#android.intent.action.MAIN+android.intent.category.LAUNCHER
ADDED from src/main/AndroidManifest.xml:93:13-97:29
action#android.intent.action.MAIN
ADDED from src/main/AndroidManifest.xml:94:17-69
	android:name
		ADDED from src/main/AndroidManifest.xml:94:25-66
category#android.intent.category.LAUNCHER
ADDED from src/main/AndroidManifest.xml:96:17-77
	android:name
		ADDED from src/main/AndroidManifest.xml:96:27-74
activity#com.vuforia.samples.VuforiaSamples.ui.ActivityList.ActivityLauncher
ADDED from src/main/AndroidManifest.xml:100:9-103:61
	android:screenOrientation
		ADDED from src/main/AndroidManifest.xml:103:13-49
	android:configChanges
		ADDED from src/main/AndroidManifest.xml:102:13-93
	android:name
		ADDED from src/main/AndroidManifest.xml:101:13-61
activity#com.vuforia.samples.VuforiaSamples.ui.ActivityList.AboutScreen
ADDED from src/main/AndroidManifest.xml:105:9-109:49
	android:screenOrientation
		ADDED from src/main/AndroidManifest.xml:108:13-49
	android:noHistory
		ADDED from src/main/AndroidManifest.xml:109:13-37
	android:configChanges
		ADDED from src/main/AndroidManifest.xml:107:13-93
	android:name
		ADDED from src/main/AndroidManifest.xml:106:13-56
activity#com.vuforia.samples.VuforiaSamples.app.ImageTargets.ImageTargets
ADDED from src/main/AndroidManifest.xml:111:9-115:56
	android:launchMode
		ADDED from src/main/AndroidManifest.xml:115:13-44
	android:configChanges
		ADDED from src/main/AndroidManifest.xml:113:13-93
	android:theme
		ADDED from src/main/AndroidManifest.xml:114:13-51
	android:name
		ADDED from src/main/AndroidManifest.xml:112:13-58
activity#com.vuforia.samples.VuforiaSamples.app.VuMark.VuMark
ADDED from src/main/AndroidManifest.xml:117:9-121:56
	android:launchMode
		ADDED from src/main/AndroidManifest.xml:121:13-44
	android:configChanges
		ADDED from src/main/AndroidManifest.xml:119:13-93
	android:theme
		ADDED from src/main/AndroidManifest.xml:120:13-51
	android:name
		ADDED from src/main/AndroidManifest.xml:118:13-46
activity#com.vuforia.samples.VuforiaSamples.app.TextRecognition.TextReco
ADDED from src/main/AndroidManifest.xml:123:9-127:56
	android:launchMode
		ADDED from src/main/AndroidManifest.xml:127:13-44
	android:configChanges
		ADDED from src/main/AndroidManifest.xml:125:13-93
	android:theme
		ADDED from src/main/AndroidManifest.xml:126:13-51
	android:name
		ADDED from src/main/AndroidManifest.xml:124:13-57
activity#com.vuforia.samples.VuforiaSamples.app.CylinderTargets.CylinderTargets
ADDED from src/main/AndroidManifest.xml:129:9-133:56
	android:launchMode
		ADDED from src/main/AndroidManifest.xml:133:13-44
	android:configChanges
		ADDED from src/main/AndroidManifest.xml:131:13-93
	android:theme
		ADDED from src/main/AndroidManifest.xml:132:13-51
	android:name
		ADDED from src/main/AndroidManifest.xml:130:13-64
activity#com.vuforia.samples.VuforiaSamples.app.VirtualButtons.VirtualButtons
ADDED from src/main/AndroidManifest.xml:135:9-139:56
	android:launchMode
		ADDED from src/main/AndroidManifest.xml:139:13-44
	android:configChanges
		ADDED from src/main/AndroidManifest.xml:137:13-93
	android:theme
		ADDED from src/main/AndroidManifest.xml:138:13-51
	android:name
		ADDED from src/main/AndroidManifest.xml:136:13-62
activity#com.vuforia.samples.VuforiaSamples.app.UserDefinedTargets.UserDefinedTargets
ADDED from src/main/AndroidManifest.xml:141:9-145:56
	android:launchMode
		ADDED from src/main/AndroidManifest.xml:145:13-44
	android:configChanges
		ADDED from src/main/AndroidManifest.xml:143:13-93
	android:theme
		ADDED from src/main/AndroidManifest.xml:144:13-51
	android:name
		ADDED from src/main/AndroidManifest.xml:142:13-70
activity#com.vuforia.samples.VuforiaSamples.app.MultiTargets.MultiTargets
ADDED from src/main/AndroidManifest.xml:147:9-151:56
	android:launchMode
		ADDED from src/main/AndroidManifest.xml:151:13-44
	android:configChanges
		ADDED from src/main/AndroidManifest.xml:149:13-93
	android:theme
		ADDED from src/main/AndroidManifest.xml:150:13-51
	android:name
		ADDED from src/main/AndroidManifest.xml:148:13-58
activity#com.vuforia.samples.VuforiaSamples.app.CloudRecognition.CloudReco
ADDED from src/main/AndroidManifest.xml:153:9-157:56
	android:launchMode
		ADDED from src/main/AndroidManifest.xml:157:13-44
	android:configChanges
		ADDED from src/main/AndroidManifest.xml:155:13-93
	android:theme
		ADDED from src/main/AndroidManifest.xml:156:13-51
	android:name
		ADDED from src/main/AndroidManifest.xml:154:13-59
activity#com.vuforia.samples.VuforiaSamples.app.ObjectRecognition.ObjectTargets
ADDED from src/main/AndroidManifest.xml:159:9-163:56
	android:launchMode
		ADDED from src/main/AndroidManifest.xml:163:13-44
	android:configChanges
		ADDED from src/main/AndroidManifest.xml:161:13-93
	android:theme
		ADDED from src/main/AndroidManifest.xml:162:13-51
	android:name
		ADDED from src/main/AndroidManifest.xml:160:13-64